Using pre-set license
Built from '2020.3/staging' branch; Version is '2020.3.19f1 (68f137dc9bbe) revision 6877495'; Using compiler version '192528614'; Build Type 'Release'
OS: 'Windows 10 Pro; OS build 19043.1237; Version 2009; 64bit' Language: 'en' Physical Memory: 16225 MB
BatchMode: 1, IsHumanControllingUs: 0, StartBugReporterOnCrash: 0, Is64bit: 1, IsPro: 0

COMMAND LINE ARGUMENTS:
C:\Users\KDyte\Desktop\Unity Editors\2020.3.19f1\Editor\Unity.exe
-adb2
-batchMode
-noUpm
-name
AssetImportWorker0
-projectPath
C:/Users/KDyte/Desktop/GitHub Repos/Collaborative-VR-Escape-room-/CoVRE
-logFile
Logs/AssetImportWorker0.log
-srvPort
61136
Successfully changed project path to: C:/Users/KDyte/Desktop/GitHub Repos/Collaborative-VR-Escape-room-/CoVRE
C:/Users/KDyte/Desktop/GitHub Repos/Collaborative-VR-Escape-room-/CoVRE
Using Asset Import Pipeline V2.
Refreshing native plugins compatible for Editor in 123.39 ms, found 7 plugins.
Preloading 1 native plugins for Editor in 2.02 ms.
Initialize engine version: 2020.3.19f1 (68f137dc9bbe)
[Subsystems] Discovering subsystems at path C:/Users/KDyte/Desktop/Unity Editors/2020.3.19f1/Editor/Data/Resources/UnitySubsystems
[Subsystems] Discovering subsystems at path C:/Users/KDyte/Desktop/GitHub Repos/Collaborative-VR-Escape-room-/CoVRE/Assets
GfxDevice: creating device client; threaded=0
Direct3D:
    Version:  Direct3D 11.0 [level 11.1]
    Renderer: Intel(R) Iris(R) Xe Graphics (ID=0x9a49)
    Vendor:   
    VRAM:     8112 MB
    Driver:   27.20.100.9268
Shader 'Oculus/OVRMRCameraFrameLit': fallback shader 'Alpha-Diffuse' not found
Initialize mono
Mono path[0] = 'C:/Users/KDyte/Desktop/Unity Editors/2020.3.19f1/Editor/Data/Managed'
Mono path[1] = 'C:/Users/KDyte/Desktop/Unity Editors/2020.3.19f1/Editor/Data/MonoBleedingEdge/lib/mono/unityjit'
Mono config path = 'C:/Users/KDyte/Desktop/Unity Editors/2020.3.19f1/Editor/Data/MonoBleedingEdge/etc'
Using monoOptions --debugger-agent=transport=dt_socket,embedding=1,server=y,suspend=n,address=127.0.0.1:56948
Begin MonoManager ReloadAssembly
Registering precompiled unity dll's ...
Register platform support module: C:/Users/KDyte/Desktop/Unity Editors/2020.3.19f1/Editor/Data/PlaybackEngines/WindowsStandaloneSupport/UnityEditor.WindowsStandalone.Extensions.dll
Registered in 0.002740 seconds.
Native extension for WindowsStandalone target not found
Refreshing native plugins compatible for Editor in 79.33 ms, found 7 plugins.
Preloading 1 native plugins for Editor in 0.08 ms.
Mono: successfully reloaded assembly
- Completed reload, in  1.947 seconds
Domain Reload Profiling:
	ReloadAssembly (1948ms)
		BeginReloadAssembly (65ms)
			ExecutionOrderSort (0ms)
			DisableScriptedObjects (0ms)
			BackupInstance (0ms)
			ReleaseScriptingObjects (0ms)
			CreateAndSetChildDomain (1ms)
		EndReloadAssembly (407ms)
			LoadAssemblies (62ms)
			RebuildTransferFunctionScriptingTraits (0ms)
			SetupTypeCache (126ms)
			ReleaseScriptCaches (0ms)
			RebuildScriptCaches (25ms)
			SetupLoadedEditorAssemblies (181ms)
				LogAssemblyErrors (0ms)
				InitializePlatformSupportModulesInManaged (4ms)
				SetLoadedEditorAssemblies (0ms)
				RefreshPlugins (80ms)
				BeforeProcessingInitializeOnLoad (7ms)
				ProcessInitializeOnLoadAttributes (66ms)
				ProcessInitializeOnLoadMethodAttributes (24ms)
				AfterProcessingInitializeOnLoad (0ms)
				EditorAssembliesLoaded (0ms)
			ExecutionOrderSort2 (0ms)
			AwakeInstancesAfterBackupRestoration (0ms)
Platform modules already initialized, skipping
Registering precompiled user dll's ...
Registered in 0.021663 seconds.
Begin MonoManager ReloadAssembly
Native extension for WindowsStandalone target not found
Refreshing native plugins compatible for Editor in 84.78 ms, found 7 plugins.
Preloading 1 native plugins for Editor in 0.08 ms.
[XR] OculusXRPlugin: registering subsystems
[XR] Unable to register display lifecyle provider: [1]
[XR] Oculus Input lifecycle provider registered.
[XR] Unable to register input lifecyle provider: [1]
[XR] OVRP version 1.64.0
Mono: successfully reloaded assembly
- Completed reload, in  1.410 seconds
Domain Reload Profiling:
	ReloadAssembly (1411ms)
		BeginReloadAssembly (189ms)
			ExecutionOrderSort (0ms)
			DisableScriptedObjects (3ms)
			BackupInstance (0ms)
			ReleaseScriptingObjects (0ms)
			CreateAndSetChildDomain (18ms)
		EndReloadAssembly (1160ms)
			LoadAssemblies (241ms)
			RebuildTransferFunctionScriptingTraits (0ms)
			SetupTypeCache (315ms)
			ReleaseScriptCaches (1ms)
			RebuildScriptCaches (64ms)
			SetupLoadedEditorAssemblies (473ms)
				LogAssemblyErrors (0ms)
				InitializePlatformSupportModulesInManaged (7ms)
				SetLoadedEditorAssemblies (0ms)
				RefreshPlugins (85ms)
				BeforeProcessingInitializeOnLoad (92ms)
				ProcessInitializeOnLoadAttributes (267ms)
				ProcessInitializeOnLoadMethodAttributes (14ms)
				AfterProcessingInitializeOnLoad (7ms)
				EditorAssembliesLoaded (0ms)
			ExecutionOrderSort2 (0ms)
			AwakeInstancesAfterBackupRestoration (7ms)
Platform modules already initialized, skipping
========================================================================
Worker process is ready to serve import requests
Shader 'Oculus/OVRMRCameraFrameLit': fallback shader 'Alpha-Diffuse' not found
Launched and connected shader compiler UnityShaderCompiler.exe after 0.05 seconds
Refreshing native plugins compatible for Editor in 1.80 ms, found 7 plugins.
Preloading 1 native plugins for Editor in 0.14 ms.
Unloading 3988 Unused Serialized files (Serialized files now loaded: 0)
System memory in use before: 184.1 MB.
System memory in use after: 183.5 MB.

Unloading 59 unused Assets to reduce memory usage. Loaded Objects now: 4433.
Total: 7.024100 ms (FindLiveObjects: 0.611700 ms CreateObjectMapping: 0.354700 ms MarkObjects: 5.060500 ms  DeleteObjects: 0.994500 ms)

AssetImportParameters requested are different than current active one (requested -> active):
  custom:framework-win-MediaFoundation: 216162199b28c13a410421893ffa2e32 -> 
  custom:video-decoder-ogg-theora: a1e56fd34408186e4bbccfd4996cb3dc -> 
  custom:container-muxer-webm: aa71ff27fc2769a1b78a27578f13a17b -> 
  custom:container-demuxer-webm: 4f35f7cbe854078d1ac9338744f61a02 -> 
  custom:container-demuxer-ogg: 62fdf1f143b41e24485cea50d1cbac27 -> 
  custom:video-encoder-webm-vp8: eb34c28f22e8b96e1ab97ce403110664 -> 
  custom:video-codec-MediaFoundation-h265: 746d11721c4dcdbdad8f713fa42b33f4 -> 
  custom:video-decoder-webm-vp8: 9c59270c3fd7afecdb556c50c9e8de78 -> 
  custom:audio-decoder-ogg-vorbis: bf7c407c2cedff20999df2af8eb42d56 -> 
  custom:audio-encoder-webm-vorbis: bf7c407c2cedff20999df2af8eb42d56 -> 
========================================================================
Received Import Request.
  path: Assets/Multiplayer Resources/ThePlayer.prefab
  artifactKey: Guid(1382039c8240f7c4a97910ba1ee949e7) Importer(815301076,1909f56bfc062723c751e8b465ee728b)
Start importing Assets/Multiplayer Resources/ThePlayer.prefab using Guid(1382039c8240f7c4a97910ba1ee949e7) Importer(815301076,1909f56bfc062723c751e8b465ee728b)  -> (artifact id: 'ac6b4e8248681f0c112a155edd319c6b') in 0.083077 seconds 
  Import took 0.093151 seconds .

========================================================================
Received Prepare
Registering precompiled user dll's ...
Registered in 0.020730 seconds.
Begin MonoManager ReloadAssembly
Native extension for WindowsStandalone target not found
Refreshing native plugins compatible for Editor in 1.06 ms, found 7 plugins.
Preloading 1 native plugins for Editor in 0.08 ms.
Mono: successfully reloaded assembly
- Completed reload, in  1.240 seconds
Domain Reload Profiling:
	ReloadAssembly (1241ms)
		BeginReloadAssembly (151ms)
			ExecutionOrderSort (0ms)
			DisableScriptedObjects (3ms)
			BackupInstance (0ms)
			ReleaseScriptingObjects (0ms)
			CreateAndSetChildDomain (36ms)
		EndReloadAssembly (1021ms)
			LoadAssemblies (192ms)
			RebuildTransferFunctionScriptingTraits (0ms)
			SetupTypeCache (308ms)
			ReleaseScriptCaches (2ms)
			RebuildScriptCaches (41ms)
			SetupLoadedEditorAssemblies (375ms)
				LogAssemblyErrors (0ms)
				InitializePlatformSupportModulesInManaged (5ms)
				SetLoadedEditorAssemblies (0ms)
				RefreshPlugins (1ms)
				BeforeProcessingInitializeOnLoad (113ms)
				ProcessInitializeOnLoadAttributes (241ms)
				ProcessInitializeOnLoadMethodAttributes (7ms)
				AfterProcessingInitializeOnLoad (8ms)
				EditorAssembliesLoaded (0ms)
			ExecutionOrderSort2 (0ms)
			AwakeInstancesAfterBackupRestoration (7ms)
Platform modules already initialized, skipping
Shader 'Oculus/OVRMRCameraFrameLit': fallback shader 'Alpha-Diffuse' not found
Refreshing native plugins compatible for Editor in 1.04 ms, found 7 plugins.
Preloading 1 native plugins for Editor in 0.09 ms.
Unloading 3788 Unused Serialized files (Serialized files now loaded: 0)
System memory in use before: 168.8 MB.
System memory in use after: 168.1 MB.

Unloading 52 unused Assets to reduce memory usage. Loaded Objects now: 4437.
Total: 4.286400 ms (FindLiveObjects: 0.308900 ms CreateObjectMapping: 0.120200 ms MarkObjects: 3.268700 ms  DeleteObjects: 0.587600 ms)

AssetImportParameters requested are different than current active one (requested -> active):
  custom:framework-win-MediaFoundation: 216162199b28c13a410421893ffa2e32 -> 
  custom:video-decoder-ogg-theora: a1e56fd34408186e4bbccfd4996cb3dc -> 
  custom:container-muxer-webm: aa71ff27fc2769a1b78a27578f13a17b -> 
  custom:container-demuxer-webm: 4f35f7cbe854078d1ac9338744f61a02 -> 
  custom:container-demuxer-ogg: 62fdf1f143b41e24485cea50d1cbac27 -> 
  custom:video-encoder-webm-vp8: eb34c28f22e8b96e1ab97ce403110664 -> 
  custom:video-codec-MediaFoundation-h265: 746d11721c4dcdbdad8f713fa42b33f4 -> 
  custom:video-decoder-webm-vp8: 9c59270c3fd7afecdb556c50c9e8de78 -> 
  custom:audio-decoder-ogg-vorbis: bf7c407c2cedff20999df2af8eb42d56 -> 
  custom:audio-encoder-webm-vorbis: bf7c407c2cedff20999df2af8eb42d56 -> 
========================================================================
Received Import Request.
  Time since last request: 676.312323 seconds.
  path: Assets/Multiplayer Resources/ThePlayer.prefab
  artifactKey: Guid(1382039c8240f7c4a97910ba1ee949e7) Importer(815301076,1909f56bfc062723c751e8b465ee728b)
Start importing Assets/Multiplayer Resources/ThePlayer.prefab using Guid(1382039c8240f7c4a97910ba1ee949e7) Importer(815301076,1909f56bfc062723c751e8b465ee728b)  -> (artifact id: 'ce9109eb106a34178682eb46f5d79424') in 0.050155 seconds 
  Import took 0.057755 seconds .

========================================================================
Received Import Request.
  Time since last request: 1370.612568 seconds.
  path: Assets/Normal/Examples/Cube Player/Resources/CubePlayer.prefab
  artifactKey: Guid(2e290279b66bdc043bf585cf681fed70) Importer(815301076,1909f56bfc062723c751e8b465ee728b)
Start importing Assets/Normal/Examples/Cube Player/Resources/CubePlayer.prefab using Guid(2e290279b66bdc043bf585cf681fed70) Importer(815301076,1909f56bfc062723c751e8b465ee728b)  -> (artifact id: 'c49a286fd84ba607123429036309c33e') in 0.194411 seconds 
  Import took 0.203101 seconds .

========================================================================
Received Import Request.
  Time since last request: 0.000492 seconds.
  path: Assets/Oculus/SampleFramework/Core/Locomotion/PlayerController.prefab
  artifactKey: Guid(522b89d0f09cc834db5f015f40e578f3) Importer(815301076,1909f56bfc062723c751e8b465ee728b)
Start importing Assets/Oculus/SampleFramework/Core/Locomotion/PlayerController.prefab using Guid(522b89d0f09cc834db5f015f40e578f3) Importer(815301076,1909f56bfc062723c751e8b465ee728b)  -> (artifact id: '9f2193188784a53f230aa88f4d051f4d') in 0.149319 seconds 
  Import took 0.156569 seconds .

========================================================================
Received Import Request.
  Time since last request: 0.000366 seconds.
  path: Assets/Normal/Examples/Hoverbird Player/Realtime + Hoverbird Player.prefab
  artifactKey: Guid(eec4742210fff4265b4d680e692d4ebc) Importer(815301076,1909f56bfc062723c751e8b465ee728b)
Start importing Assets/Normal/Examples/Hoverbird Player/Realtime + Hoverbird Player.prefab using Guid(eec4742210fff4265b4d680e692d4ebc) Importer(815301076,1909f56bfc062723c751e8b465ee728b)  -> (artifact id: '9fe9381f7abeb552c597bf00257142ac') in 0.021229 seconds 
  Import took 0.028328 seconds .

========================================================================
Received Import Request.
  Time since last request: 0.000241 seconds.
  path: Assets/Normal/Examples/Hoverbird Player/Resources/Hoverbird Player.prefab
  artifactKey: Guid(78e8935bcc34544a494c2d462dd3eceb) Importer(815301076,1909f56bfc062723c751e8b465ee728b)
Start importing Assets/Normal/Examples/Hoverbird Player/Resources/Hoverbird Player.prefab using Guid(78e8935bcc34544a494c2d462dd3eceb) Importer(815301076,1909f56bfc062723c751e8b465ee728b)  -> (artifact id: '3f9aa6aeb95041578dcefdf2324b38c4') in 0.072205 seconds 
  Import took 0.080387 seconds .

========================================================================
Received Import Request.
  Time since last request: 0.000367 seconds.
  path: Assets/Normal/Examples/Cube Player/Realtime + Cube Player.prefab
  artifactKey: Guid(cec929e6874b9f34a8ff954244b7e748) Importer(815301076,1909f56bfc062723c751e8b465ee728b)
Start importing Assets/Normal/Examples/Cube Player/Realtime + Cube Player.prefab using Guid(cec929e6874b9f34a8ff954244b7e748) Importer(815301076,1909f56bfc062723c751e8b465ee728b)  -> (artifact id: '5e6a0a5bffa7e3e003a52e407cec491b') in 0.012116 seconds 
  Import took 0.018235 seconds .

========================================================================
Received Import Request.
  Time since last request: 0.000220 seconds.
  path: Assets/Oculus/Platform/Samples/VrHoops/Prefabs/PlayerArea.prefab
  artifactKey: Guid(cf3f39c980574304d8f8817cd3dfa941) Importer(815301076,1909f56bfc062723c751e8b465ee728b)
Start importing Assets/Oculus/Platform/Samples/VrHoops/Prefabs/PlayerArea.prefab using Guid(cf3f39c980574304d8f8817cd3dfa941) Importer(815301076,1909f56bfc062723c751e8b465ee728b)  -> (artifact id: 'cfe8ea8df1838a940644dcb8df49375c') in 0.029647 seconds 
  Import took 0.036295 seconds .

========================================================================
Received Import Request.
  Time since last request: 6.550618 seconds.
  path: Assets/PlayerManager.cs
  artifactKey: Guid(5adf1ef9825db92448f6afa13d36ec82) Importer(815301076,1909f56bfc062723c751e8b465ee728b)
Start importing Assets/PlayerManager.cs using Guid(5adf1ef9825db92448f6afa13d36ec82) Importer(815301076,1909f56bfc062723c751e8b465ee728b)  -> (artifact id: '818cdaf294f96f09146f456bf776aa47') in 0.014703 seconds 
  Import took 0.021658 seconds .

========================================================================
Received Import Request.
  Time since last request: 301.901987 seconds.
  path: Assets/Multiplayer Resources/ThePlayer.prefab
  artifactKey: Guid(1382039c8240f7c4a97910ba1ee949e7) Importer(815301076,1909f56bfc062723c751e8b465ee728b)
Start importing Assets/Multiplayer Resources/ThePlayer.prefab using Guid(1382039c8240f7c4a97910ba1ee949e7) Importer(815301076,1909f56bfc062723c751e8b465ee728b)  -> (artifact id: '3460f8db936875e275135ccb95926db1') in 0.013786 seconds 
  Import took 0.022734 seconds .

========================================================================
Received Import Request.
  Time since last request: 4.434821 seconds.
  path: Assets/Multiplayer Resources/ThePlayer.prefab
  artifactKey: Guid(1382039c8240f7c4a97910ba1ee949e7) Importer(815301076,1909f56bfc062723c751e8b465ee728b)
Start importing Assets/Multiplayer Resources/ThePlayer.prefab using Guid(1382039c8240f7c4a97910ba1ee949e7) Importer(815301076,1909f56bfc062723c751e8b465ee728b)  -> (artifact id: '72b9cee19433fe78f0cad8bb1a58ee77') in 0.011052 seconds 
  Import took 0.018195 seconds .

AssetImportWorkerClient::OnTransportError - code=2 error=End of file
