Using pre-set license
Built from '2020.3/staging' branch; Version is '2020.3.19f1 (68f137dc9bbe) revision 6877495'; Using compiler version '192528614'; Build Type 'Release'
OS: 'Windows 10 Pro; OS build 19043.1237; Version 2009; 64bit' Language: 'en' Physical Memory: 16225 MB
BatchMode: 1, IsHumanControllingUs: 0, StartBugReporterOnCrash: 0, Is64bit: 1, IsPro: 0

COMMAND LINE ARGUMENTS:
C:\Users\KDyte\Desktop\Unity Editors\2020.3.19f1\Editor\Unity.exe
-adb2
-batchMode
-noUpm
-name
AssetImportWorker0
-projectPath
C:/Users/KDyte/Desktop/GitHub Repos/Collaborative-VR-Escape-room-/CoVRE
-logFile
Logs/AssetImportWorker0.log
-srvPort
54399
Successfully changed project path to: C:/Users/KDyte/Desktop/GitHub Repos/Collaborative-VR-Escape-room-/CoVRE
C:/Users/KDyte/Desktop/GitHub Repos/Collaborative-VR-Escape-room-/CoVRE
Using Asset Import Pipeline V2.
Refreshing native plugins compatible for Editor in 453.32 ms, found 6 plugins.
Preloading 1 native plugins for Editor in 2.70 ms.
Initialize engine version: 2020.3.19f1 (68f137dc9bbe)
[Subsystems] Discovering subsystems at path C:/Users/KDyte/Desktop/Unity Editors/2020.3.19f1/Editor/Data/Resources/UnitySubsystems
[Subsystems] Discovering subsystems at path C:/Users/KDyte/Desktop/GitHub Repos/Collaborative-VR-Escape-room-/CoVRE/Assets
GfxDevice: creating device client; threaded=0
Direct3D:
    Version:  Direct3D 11.0 [level 11.1]
    Renderer: Intel(R) Iris(R) Xe Graphics (ID=0x9a49)
    Vendor:   
    VRAM:     8112 MB
    Driver:   27.20.100.9268
Shader 'Oculus/OVRMRCameraFrameLit': fallback shader 'Alpha-Diffuse' not found
Initialize mono
Mono path[0] = 'C:/Users/KDyte/Desktop/Unity Editors/2020.3.19f1/Editor/Data/Managed'
Mono path[1] = 'C:/Users/KDyte/Desktop/Unity Editors/2020.3.19f1/Editor/Data/MonoBleedingEdge/lib/mono/unityjit'
Mono config path = 'C:/Users/KDyte/Desktop/Unity Editors/2020.3.19f1/Editor/Data/MonoBleedingEdge/etc'
Using monoOptions --debugger-agent=transport=dt_socket,embedding=1,server=y,suspend=n,address=127.0.0.1:56072
Begin MonoManager ReloadAssembly
Registering precompiled unity dll's ...
Register platform support module: C:/Users/KDyte/Desktop/Unity Editors/2020.3.19f1/Editor/Data/PlaybackEngines/WindowsStandaloneSupport/UnityEditor.WindowsStandalone.Extensions.dll
Registered in 0.009047 seconds.
Native extension for WindowsStandalone target not found
Refreshing native plugins compatible for Editor in 253.29 ms, found 6 plugins.
Preloading 1 native plugins for Editor in 0.18 ms.
Mono: successfully reloaded assembly
- Completed reload, in  6.007 seconds
Domain Reload Profiling:
	ReloadAssembly (6008ms)
		BeginReloadAssembly (233ms)
			ExecutionOrderSort (0ms)
			DisableScriptedObjects (0ms)
			BackupInstance (0ms)
			ReleaseScriptingObjects (0ms)
			CreateAndSetChildDomain (1ms)
		EndReloadAssembly (1354ms)
			LoadAssemblies (227ms)
			RebuildTransferFunctionScriptingTraits (0ms)
			SetupTypeCache (407ms)
			ReleaseScriptCaches (0ms)
			RebuildScriptCaches (77ms)
			SetupLoadedEditorAssemblies (644ms)
				LogAssemblyErrors (0ms)
				InitializePlatformSupportModulesInManaged (10ms)
				SetLoadedEditorAssemblies (0ms)
				RefreshPlugins (254ms)
				BeforeProcessingInitializeOnLoad (57ms)
				ProcessInitializeOnLoadAttributes (245ms)
				ProcessInitializeOnLoadMethodAttributes (77ms)
				AfterProcessingInitializeOnLoad (0ms)
				EditorAssembliesLoaded (1ms)
			ExecutionOrderSort2 (0ms)
			AwakeInstancesAfterBackupRestoration (0ms)
Platform modules already initialized, skipping
Registering precompiled user dll's ...
Registered in 0.058544 seconds.
Begin MonoManager ReloadAssembly
Native extension for WindowsStandalone target not found
Refreshing native plugins compatible for Editor in 287.83 ms, found 6 plugins.
Preloading 1 native plugins for Editor in 0.27 ms.
[XR] OculusXRPlugin: registering subsystems
[XR] Unable to register display lifecyle provider: [1]
[XR] Oculus Input lifecycle provider registered.
[XR] Unable to register input lifecyle provider: [1]
[XR] OVRP version 1.64.0
Mono: successfully reloaded assembly
- Completed reload, in  4.508 seconds
Domain Reload Profiling:
	ReloadAssembly (4512ms)
		BeginReloadAssembly (551ms)
			ExecutionOrderSort (0ms)
			DisableScriptedObjects (16ms)
			BackupInstance (0ms)
			ReleaseScriptingObjects (0ms)
			CreateAndSetChildDomain (64ms)
		EndReloadAssembly (3702ms)
			LoadAssemblies (454ms)
			RebuildTransferFunctionScriptingTraits (0ms)
			SetupTypeCache (1136ms)
			ReleaseScriptCaches (2ms)
			RebuildScriptCaches (208ms)
			SetupLoadedEditorAssemblies (1488ms)
				LogAssemblyErrors (0ms)
				InitializePlatformSupportModulesInManaged (16ms)
				SetLoadedEditorAssemblies (1ms)
				RefreshPlugins (288ms)
				BeforeProcessingInitializeOnLoad (381ms)
				ProcessInitializeOnLoadAttributes (740ms)
				ProcessInitializeOnLoadMethodAttributes (34ms)
				AfterProcessingInitializeOnLoad (28ms)
				EditorAssembliesLoaded (1ms)
			ExecutionOrderSort2 (0ms)
			AwakeInstancesAfterBackupRestoration (21ms)
Platform modules already initialized, skipping
========================================================================
Worker process is ready to serve import requests
Shader 'Oculus/OVRMRCameraFrameLit': fallback shader 'Alpha-Diffuse' not found
Launched and connected shader compiler UnityShaderCompiler.exe after 0.17 seconds
Refreshing native plugins compatible for Editor in 3.36 ms, found 6 plugins.
Preloading 1 native plugins for Editor in 0.43 ms.
Unloading 3510 Unused Serialized files (Serialized files now loaded: 0)
System memory in use before: 165.8 MB.
System memory in use after: 166.0 MB.

Unloading 43 unused Assets to reduce memory usage. Loaded Objects now: 3927.
Total: 14.902700 ms (FindLiveObjects: 1.424800 ms CreateObjectMapping: 0.830300 ms MarkObjects: 12.226200 ms  DeleteObjects: 0.416800 ms)

AssetImportParameters requested are different than current active one (requested -> active):
  custom:framework-win-MediaFoundation: 216162199b28c13a410421893ffa2e32 -> 
  custom:video-decoder-ogg-theora: a1e56fd34408186e4bbccfd4996cb3dc -> 
  custom:container-muxer-webm: aa71ff27fc2769a1b78a27578f13a17b -> 
  custom:container-demuxer-webm: 4f35f7cbe854078d1ac9338744f61a02 -> 
  custom:container-demuxer-ogg: 62fdf1f143b41e24485cea50d1cbac27 -> 
  custom:video-encoder-webm-vp8: eb34c28f22e8b96e1ab97ce403110664 -> 
  custom:video-codec-MediaFoundation-h265: 746d11721c4dcdbdad8f713fa42b33f4 -> 
  custom:video-decoder-webm-vp8: 9c59270c3fd7afecdb556c50c9e8de78 -> 
  custom:audio-decoder-ogg-vorbis: bf7c407c2cedff20999df2af8eb42d56 -> 
  custom:audio-encoder-webm-vorbis: bf7c407c2cedff20999df2af8eb42d56 -> 
========================================================================
Received Import Request.
  path: Assets/Oculus/SampleFramework/Usage/HandsTrainExample/Materials/SkyboxForRealtime.mat
  artifactKey: Guid(799432b58386306488cfd7a19e7ff4d7) Importer(815301076,1909f56bfc062723c751e8b465ee728b)
Start importing Assets/Oculus/SampleFramework/Usage/HandsTrainExample/Materials/SkyboxForRealtime.mat using Guid(799432b58386306488cfd7a19e7ff4d7) Importer(815301076,1909f56bfc062723c751e8b465ee728b)  -> (artifact id: 'fd9632752024bd1d4c2c03a6a95c17b4') in 0.864039 seconds 
  Import took 0.881815 seconds .

========================================================================
Received Prepare
Registering precompiled user dll's ...
Registered in 0.043071 seconds.
Begin MonoManager ReloadAssembly
Native extension for WindowsStandalone target not found
Refreshing native plugins compatible for Editor in 307.98 ms, found 6 plugins.
Preloading 1 native plugins for Editor in 0.28 ms.
Mono: successfully reloaded assembly
- Completed reload, in  4.621 seconds
Domain Reload Profiling:
	ReloadAssembly (4623ms)
		BeginReloadAssembly (496ms)
			ExecutionOrderSort (0ms)
			DisableScriptedObjects (20ms)
			BackupInstance (0ms)
			ReleaseScriptingObjects (0ms)
			CreateAndSetChildDomain (134ms)
		EndReloadAssembly (3910ms)
			LoadAssemblies (488ms)
			RebuildTransferFunctionScriptingTraits (0ms)
			SetupTypeCache (1157ms)
			ReleaseScriptCaches (4ms)
			RebuildScriptCaches (147ms)
			SetupLoadedEditorAssemblies (1580ms)
				LogAssemblyErrors (0ms)
				InitializePlatformSupportModulesInManaged (14ms)
				SetLoadedEditorAssemblies (1ms)
				RefreshPlugins (309ms)
				BeforeProcessingInitializeOnLoad (330ms)
				ProcessInitializeOnLoadAttributes (874ms)
				ProcessInitializeOnLoadMethodAttributes (27ms)
				AfterProcessingInitializeOnLoad (27ms)
				EditorAssembliesLoaded (1ms)
			ExecutionOrderSort2 (0ms)
			AwakeInstancesAfterBackupRestoration (57ms)
Platform modules already initialized, skipping
Shader 'Oculus/OVRMRCameraFrameLit': fallback shader 'Alpha-Diffuse' not found
Refreshing native plugins compatible for Editor in 2.74 ms, found 6 plugins.
Preloading 1 native plugins for Editor in 0.18 ms.
Unloading 3748 Unused Serialized files (Serialized files now loaded: 0)
System memory in use before: 170.9 MB.
System memory in use after: 171.2 MB.

Unloading 38 unused Assets to reduce memory usage. Loaded Objects now: 4448.
Total: 10.165500 ms (FindLiveObjects: 0.645500 ms CreateObjectMapping: 0.321800 ms MarkObjects: 9.090100 ms  DeleteObjects: 0.105100 ms)

AssetImportParameters requested are different than current active one (requested -> active):
  custom:framework-win-MediaFoundation: 216162199b28c13a410421893ffa2e32 -> 
  custom:video-decoder-ogg-theora: a1e56fd34408186e4bbccfd4996cb3dc -> 
  custom:container-muxer-webm: aa71ff27fc2769a1b78a27578f13a17b -> 
  custom:container-demuxer-webm: 4f35f7cbe854078d1ac9338744f61a02 -> 
  custom:container-demuxer-ogg: 62fdf1f143b41e24485cea50d1cbac27 -> 
  custom:video-encoder-webm-vp8: eb34c28f22e8b96e1ab97ce403110664 -> 
  custom:video-codec-MediaFoundation-h265: 746d11721c4dcdbdad8f713fa42b33f4 -> 
  custom:video-decoder-webm-vp8: 9c59270c3fd7afecdb556c50c9e8de78 -> 
  custom:audio-decoder-ogg-vorbis: bf7c407c2cedff20999df2af8eb42d56 -> 
  custom:audio-encoder-webm-vorbis: bf7c407c2cedff20999df2af8eb42d56 -> 
========================================================================
Received Import Request.
  Time since last request: 88.918417 seconds.
  path: Assets/Samples/XR Interaction Toolkit/1.0.0-pre.6/XR Device Simulator
  artifactKey: Guid(4b4fd4141f9c59046a496473189f2fc9) Importer(815301076,1909f56bfc062723c751e8b465ee728b)
Start importing Assets/Samples/XR Interaction Toolkit/1.0.0-pre.6/XR Device Simulator using Guid(4b4fd4141f9c59046a496473189f2fc9) Importer(815301076,1909f56bfc062723c751e8b465ee728b)  -> (artifact id: '68b15da54c1b0579c6d7c7675a2e2d95') in 0.028590 seconds 
  Import took 0.046079 seconds .

========================================================================
Received Prepare
Registering precompiled user dll's ...
Registered in 0.035749 seconds.
Begin MonoManager ReloadAssembly
Native extension for WindowsStandalone target not found
Refreshing native plugins compatible for Editor in 2.94 ms, found 6 plugins.
Preloading 1 native plugins for Editor in 0.37 ms.
Mono: successfully reloaded assembly
- Completed reload, in  4.277 seconds
Domain Reload Profiling:
	ReloadAssembly (4278ms)
		BeginReloadAssembly (396ms)
			ExecutionOrderSort (0ms)
			DisableScriptedObjects (15ms)
			BackupInstance (0ms)
			ReleaseScriptingObjects (0ms)
			CreateAndSetChildDomain (115ms)
		EndReloadAssembly (3655ms)
			LoadAssemblies (479ms)
			RebuildTransferFunctionScriptingTraits (0ms)
			SetupTypeCache (1238ms)
			ReleaseScriptCaches (4ms)
			RebuildScriptCaches (149ms)
			SetupLoadedEditorAssemblies (1304ms)
				LogAssemblyErrors (0ms)
				InitializePlatformSupportModulesInManaged (14ms)
				SetLoadedEditorAssemblies (2ms)
				RefreshPlugins (4ms)
				BeforeProcessingInitializeOnLoad (366ms)
				ProcessInitializeOnLoadAttributes (863ms)
				ProcessInitializeOnLoadMethodAttributes (25ms)
				AfterProcessingInitializeOnLoad (29ms)
				EditorAssembliesLoaded (1ms)
			ExecutionOrderSort2 (0ms)
			AwakeInstancesAfterBackupRestoration (48ms)
Platform modules already initialized, skipping
Shader 'Oculus/OVRMRCameraFrameLit': fallback shader 'Alpha-Diffuse' not found
Refreshing native plugins compatible for Editor in 2.96 ms, found 6 plugins.
Preloading 1 native plugins for Editor in 0.28 ms.
Unloading 3759 Unused Serialized files (Serialized files now loaded: 0)
System memory in use before: 172.8 MB.
System memory in use after: 172.1 MB.

Unloading 41 unused Assets to reduce memory usage. Loaded Objects now: 4459.
Total: 10.946700 ms (FindLiveObjects: 0.725900 ms CreateObjectMapping: 0.469500 ms MarkObjects: 7.959500 ms  DeleteObjects: 1.789100 ms)

AssetImportParameters requested are different than current active one (requested -> active):
  custom:framework-win-MediaFoundation: 216162199b28c13a410421893ffa2e32 -> 
  custom:video-decoder-ogg-theora: a1e56fd34408186e4bbccfd4996cb3dc -> 
  custom:container-muxer-webm: aa71ff27fc2769a1b78a27578f13a17b -> 
  custom:container-demuxer-webm: 4f35f7cbe854078d1ac9338744f61a02 -> 
  custom:container-demuxer-ogg: 62fdf1f143b41e24485cea50d1cbac27 -> 
  custom:video-encoder-webm-vp8: eb34c28f22e8b96e1ab97ce403110664 -> 
  custom:video-codec-MediaFoundation-h265: 746d11721c4dcdbdad8f713fa42b33f4 -> 
  custom:video-decoder-webm-vp8: 9c59270c3fd7afecdb556c50c9e8de78 -> 
  custom:audio-decoder-ogg-vorbis: bf7c407c2cedff20999df2af8eb42d56 -> 
  custom:audio-encoder-webm-vorbis: bf7c407c2cedff20999df2af8eb42d56 -> 
========================================================================
Received Prepare
Registering precompiled user dll's ...
Registered in 0.053211 seconds.
Begin MonoManager ReloadAssembly
Native extension for WindowsStandalone target not found
Refreshing native plugins compatible for Editor in 3.43 ms, found 7 plugins.
Preloading 1 native plugins for Editor in 0.32 ms.
Mono: successfully reloaded assembly
- Completed reload, in  4.404 seconds
Domain Reload Profiling:
	ReloadAssembly (4406ms)
		BeginReloadAssembly (478ms)
			ExecutionOrderSort (0ms)
			DisableScriptedObjects (30ms)
			BackupInstance (0ms)
			ReleaseScriptingObjects (1ms)
			CreateAndSetChildDomain (129ms)
		EndReloadAssembly (3675ms)
			LoadAssemblies (495ms)
			RebuildTransferFunctionScriptingTraits (0ms)
			SetupTypeCache (1225ms)
			ReleaseScriptCaches (4ms)
			RebuildScriptCaches (153ms)
			SetupLoadedEditorAssemblies (1328ms)
				LogAssemblyErrors (0ms)
				InitializePlatformSupportModulesInManaged (14ms)
				SetLoadedEditorAssemblies (2ms)
				RefreshPlugins (4ms)
				BeforeProcessingInitializeOnLoad (377ms)
				ProcessInitializeOnLoadAttributes (876ms)
				ProcessInitializeOnLoadMethodAttributes (25ms)
				AfterProcessingInitializeOnLoad (29ms)
				EditorAssembliesLoaded (1ms)
			ExecutionOrderSort2 (0ms)
			AwakeInstancesAfterBackupRestoration (57ms)
Platform modules already initialized, skipping
Shader 'Oculus/OVRMRCameraFrameLit': fallback shader 'Alpha-Diffuse' not found
Refreshing native plugins compatible for Editor in 3.61 ms, found 7 plugins.
Preloading 1 native plugins for Editor in 0.47 ms.
Unloading 3787 Unused Serialized files (Serialized files now loaded: 0)
System memory in use before: 173.8 MB.
System memory in use after: 173.1 MB.

Unloading 52 unused Assets to reduce memory usage. Loaded Objects now: 4520.
Total: 13.602600 ms (FindLiveObjects: 0.734600 ms CreateObjectMapping: 0.749100 ms MarkObjects: 10.285200 ms  DeleteObjects: 1.830300 ms)

AssetImportParameters requested are different than current active one (requested -> active):
  custom:framework-win-MediaFoundation: 216162199b28c13a410421893ffa2e32 -> 
  custom:video-decoder-ogg-theora: a1e56fd34408186e4bbccfd4996cb3dc -> 
  custom:container-muxer-webm: aa71ff27fc2769a1b78a27578f13a17b -> 
  custom:container-demuxer-webm: 4f35f7cbe854078d1ac9338744f61a02 -> 
  custom:container-demuxer-ogg: 62fdf1f143b41e24485cea50d1cbac27 -> 
  custom:video-encoder-webm-vp8: eb34c28f22e8b96e1ab97ce403110664 -> 
  custom:video-codec-MediaFoundation-h265: 746d11721c4dcdbdad8f713fa42b33f4 -> 
  custom:video-decoder-webm-vp8: 9c59270c3fd7afecdb556c50c9e8de78 -> 
  custom:audio-decoder-ogg-vorbis: bf7c407c2cedff20999df2af8eb42d56 -> 
  custom:audio-encoder-webm-vorbis: bf7c407c2cedff20999df2af8eb42d56 -> 
========================================================================
Received Prepare
Registering precompiled user dll's ...
Registered in 0.051075 seconds.
Begin MonoManager ReloadAssembly
Native extension for WindowsStandalone target not found
Refreshing native plugins compatible for Editor in 3.61 ms, found 7 plugins.
Preloading 1 native plugins for Editor in 0.39 ms.
Mono: successfully reloaded assembly
- Completed reload, in  4.231 seconds
Domain Reload Profiling:
	ReloadAssembly (4232ms)
		BeginReloadAssembly (433ms)
			ExecutionOrderSort (0ms)
			DisableScriptedObjects (14ms)
			BackupInstance (0ms)
			ReleaseScriptingObjects (0ms)
			CreateAndSetChildDomain (123ms)
		EndReloadAssembly (3577ms)
			LoadAssemblies (534ms)
			RebuildTransferFunctionScriptingTraits (0ms)
			SetupTypeCache (1111ms)
			ReleaseScriptCaches (4ms)
			RebuildScriptCaches (148ms)
			SetupLoadedEditorAssemblies (1328ms)
				LogAssemblyErrors (0ms)
				InitializePlatformSupportModulesInManaged (14ms)
				SetLoadedEditorAssemblies (2ms)
				RefreshPlugins (4ms)
				BeforeProcessingInitializeOnLoad (351ms)
				ProcessInitializeOnLoadAttributes (902ms)
				ProcessInitializeOnLoadMethodAttributes (26ms)
				AfterProcessingInitializeOnLoad (28ms)
				EditorAssembliesLoaded (1ms)
			ExecutionOrderSort2 (0ms)
			AwakeInstancesAfterBackupRestoration (54ms)
Platform modules already initialized, skipping
Shader 'Oculus/OVRMRCameraFrameLit': fallback shader 'Alpha-Diffuse' not found
Refreshing native plugins compatible for Editor in 3.31 ms, found 7 plugins.
Preloading 1 native plugins for Editor in 0.36 ms.
Unloading 3787 Unused Serialized files (Serialized files now loaded: 0)
System memory in use before: 173.8 MB.
System memory in use after: 173.2 MB.

Unloading 52 unused Assets to reduce memory usage. Loaded Objects now: 4523.
Total: 10.928000 ms (FindLiveObjects: 0.779000 ms CreateObjectMapping: 0.387300 ms MarkObjects: 8.465300 ms  DeleteObjects: 1.292100 ms)

AssetImportParameters requested are different than current active one (requested -> active):
  custom:framework-win-MediaFoundation: 216162199b28c13a410421893ffa2e32 -> 
  custom:video-decoder-ogg-theora: a1e56fd34408186e4bbccfd4996cb3dc -> 
  custom:container-muxer-webm: aa71ff27fc2769a1b78a27578f13a17b -> 
  custom:container-demuxer-webm: 4f35f7cbe854078d1ac9338744f61a02 -> 
  custom:container-demuxer-ogg: 62fdf1f143b41e24485cea50d1cbac27 -> 
  custom:video-encoder-webm-vp8: eb34c28f22e8b96e1ab97ce403110664 -> 
  custom:video-codec-MediaFoundation-h265: 746d11721c4dcdbdad8f713fa42b33f4 -> 
  custom:video-decoder-webm-vp8: 9c59270c3fd7afecdb556c50c9e8de78 -> 
  custom:audio-decoder-ogg-vorbis: bf7c407c2cedff20999df2af8eb42d56 -> 
  custom:audio-encoder-webm-vorbis: bf7c407c2cedff20999df2af8eb42d56 -> 
========================================================================
Received Import Request.
  Time since last request: 657.528322 seconds.
  path: Assets/Normal/Examples/Cube Player/Realtime + Cube Player.prefab
  artifactKey: Guid(cec929e6874b9f34a8ff954244b7e748) Importer(815301076,1909f56bfc062723c751e8b465ee728b)
Start importing Assets/Normal/Examples/Cube Player/Realtime + Cube Player.prefab using Guid(cec929e6874b9f34a8ff954244b7e748) Importer(815301076,1909f56bfc062723c751e8b465ee728b)  -> (artifact id: '5e6a0a5bffa7e3e003a52e407cec491b') in 0.152962 seconds 
  Import took 0.185943 seconds .

========================================================================
Received Import Request.
  Time since last request: 0.000706 seconds.
  path: Assets/Normal/Examples/Hoverbird Player/Realtime + Hoverbird Player.prefab
  artifactKey: Guid(eec4742210fff4265b4d680e692d4ebc) Importer(815301076,1909f56bfc062723c751e8b465ee728b)
Start importing Assets/Normal/Examples/Hoverbird Player/Realtime + Hoverbird Player.prefab using Guid(eec4742210fff4265b4d680e692d4ebc) Importer(815301076,1909f56bfc062723c751e8b465ee728b)  -> (artifact id: '9fe9381f7abeb552c597bf00257142ac') in 0.072196 seconds 
  Import took 0.099827 seconds .

========================================================================
Received Import Request.
  Time since last request: 0.000750 seconds.
  path: Assets/Normal/Examples/VR Player/Realtime + VR Player.prefab
  artifactKey: Guid(fca9d4afb3743274e8f7da14019d7e0b) Importer(815301076,1909f56bfc062723c751e8b465ee728b)
Start importing Assets/Normal/Examples/VR Player/Realtime + VR Player.prefab using Guid(fca9d4afb3743274e8f7da14019d7e0b) Importer(815301076,1909f56bfc062723c751e8b465ee728b)  -> (artifact id: 'f0c9cd0cc4a067e754b067c92d2754bd') in 0.058484 seconds 
  Import took 0.083953 seconds .

========================================================================
Received Import Request.
  Time since last request: 254.735202 seconds.
  path: Assets/Samples/XR Interaction Toolkit/1.0.0-pre.6/Default Input Actions/XRI Default Right Controller.preset
  artifactKey: Guid(1421ad86ff3787b4dae70fe9e699a25f) Importer(815301076,1909f56bfc062723c751e8b465ee728b)
Start importing Assets/Samples/XR Interaction Toolkit/1.0.0-pre.6/Default Input Actions/XRI Default Right Controller.preset using Guid(1421ad86ff3787b4dae70fe9e699a25f) Importer(815301076,1909f56bfc062723c751e8b465ee728b)  -> (artifact id: 'b085f493448c2d4cc091a0959097e317') in 0.069671 seconds 
  Import took 0.093344 seconds .

========================================================================
Received Import Request.
  Time since last request: 0.000577 seconds.
  path: Assets/Samples/XR Interaction Toolkit/1.0.0-pre.6/Default Input Actions/XRI Default Input Actions.inputactions
  artifactKey: Guid(c348712bda248c246b8c49b3db54643f) Importer(815301076,1909f56bfc062723c751e8b465ee728b)
Start importing Assets/Samples/XR Interaction Toolkit/1.0.0-pre.6/Default Input Actions/XRI Default Input Actions.inputactions using Guid(c348712bda248c246b8c49b3db54643f) Importer(815301076,1909f56bfc062723c751e8b465ee728b)  -> (artifact id: 'f2841e7d7e302de3c11e46a862879ed3') in 0.042415 seconds 
  Import took 0.060009 seconds .

========================================================================
Received Import Request.
  Time since last request: 5.622897 seconds.
  path: Packages/com.unity.xr.legacyinputhelpers/Prefabs/XRRig.prefab
  artifactKey: Guid(c116b7497ab8ca34c9188965d4295e27) Importer(815301076,1909f56bfc062723c751e8b465ee728b)
Start importing Packages/com.unity.xr.legacyinputhelpers/Prefabs/XRRig.prefab using Guid(c116b7497ab8ca34c9188965d4295e27) Importer(815301076,1909f56bfc062723c751e8b465ee728b)  -> (artifact id: 'bb68bb8c453b1bb7a701678395336957') in 0.038529 seconds 
  Import took 0.056869 seconds .

========================================================================
Received Import Request.
  Time since last request: 327.350639 seconds.
  path: Assets
  artifactKey: Guid(00000000000000001000000000000000) Importer(815301076,1909f56bfc062723c751e8b465ee728b)
Start importing Assets using Guid(00000000000000001000000000000000) Importer(815301076,1909f56bfc062723c751e8b465ee728b)  -> (artifact id: '42d402b061de3733987d63b9cc3b64de') in 0.011435 seconds 
  Import took 0.032468 seconds .

========================================================================
Received Import Request.
  Time since last request: 18.330500 seconds.
  path: Assets/CoVRE
  artifactKey: Guid(1c32643a9c87df94d930d9cb937d0b03) Importer(815301076,1909f56bfc062723c751e8b465ee728b)
Start importing Assets/CoVRE using Guid(1c32643a9c87df94d930d9cb937d0b03) Importer(815301076,1909f56bfc062723c751e8b465ee728b)  -> (artifact id: 'df594f5bdbb95becfa211d1e70e4e8db') in 0.014185 seconds 
  Import took 0.032774 seconds .

========================================================================
Received Import Request.
  Time since last request: 7.400586 seconds.
  path: Assets/CoVRE/Scripts
  artifactKey: Guid(1e805b627d4f4c646878ca8541058564) Importer(815301076,1909f56bfc062723c751e8b465ee728b)
Start importing Assets/CoVRE/Scripts using Guid(1e805b627d4f4c646878ca8541058564) Importer(815301076,1909f56bfc062723c751e8b465ee728b)  -> (artifact id: '782e2d69cc240c55b45bf22332c821d8') in 0.011415 seconds 
  Import took 0.030200 seconds .

========================================================================
Received Import Request.
  Time since last request: 9.642886 seconds.
  path: Assets/CoVRE/Scenes
  artifactKey: Guid(89ea3764b9f33554a81244617c257049) Importer(815301076,1909f56bfc062723c751e8b465ee728b)
Start importing Assets/CoVRE/Scenes using Guid(89ea3764b9f33554a81244617c257049) Importer(815301076,1909f56bfc062723c751e8b465ee728b)  -> (artifact id: '26169ccf9be801818f3644bf726a79ba') in 0.014796 seconds 
  Import took 0.033545 seconds .

========================================================================
Received Import Request.
  Time since last request: 4.642544 seconds.
  path: Assets/CoVRE/Prefabs
  artifactKey: Guid(3241e199a3f2778488d1d75303fac406) Importer(815301076,1909f56bfc062723c751e8b465ee728b)
Start importing Assets/CoVRE/Prefabs using Guid(3241e199a3f2778488d1d75303fac406) Importer(815301076,1909f56bfc062723c751e8b465ee728b)  -> (artifact id: '7117740a86e6340929a02d84787e7e30') in 0.017251 seconds 
  Import took 0.037695 seconds .

========================================================================
Received Import Request.
  Time since last request: 44.911505 seconds.
  path: Assets/CoVRE/New Folder
  artifactKey: Guid(0ceba2fca226fe64b873eb6d3317ffa0) Importer(815301076,1909f56bfc062723c751e8b465ee728b)
Start importing Assets/CoVRE/New Folder using Guid(0ceba2fca226fe64b873eb6d3317ffa0) Importer(815301076,1909f56bfc062723c751e8b465ee728b)  -> (artifact id: '0a269027492f159a3978529deb878119') in 0.054943 seconds 
  Import took 0.073781 seconds .

========================================================================
Received Import Request.
  Time since last request: 19.819308 seconds.
  path: Assets/CoVRE/Materials
  artifactKey: Guid(0ceba2fca226fe64b873eb6d3317ffa0) Importer(815301076,1909f56bfc062723c751e8b465ee728b)
Start importing Assets/CoVRE/Materials using Guid(0ceba2fca226fe64b873eb6d3317ffa0) Importer(815301076,1909f56bfc062723c751e8b465ee728b)  -> (artifact id: 'd52644425f35b6db4bbe749deb2df73b') in 0.017575 seconds 
  Import took 0.036484 seconds .

========================================================================
Received Import Request.
  Time since last request: 1.390675 seconds.
  path: Assets/Materials/Skybox_Mat.mat
  artifactKey: Guid(0ffaa0b7117ba8c47a9d05ae701d4b4d) Importer(815301076,1909f56bfc062723c751e8b465ee728b)
Start importing Assets/Materials/Skybox_Mat.mat using Guid(0ffaa0b7117ba8c47a9d05ae701d4b4d) Importer(815301076,1909f56bfc062723c751e8b465ee728b)  -> (artifact id: '8197e7bca546cc548843f043cd04f94d') in 0.888273 seconds 
  Import took 0.915241 seconds .

========================================================================
Received Import Request.
  Time since last request: 9.504537 seconds.
  path: Assets/XR/XRGeneralSettings.asset
  artifactKey: Guid(79159634d0df636438da8476eb4fb925) Importer(815301076,1909f56bfc062723c751e8b465ee728b)
Start importing Assets/XR/XRGeneralSettings.asset using Guid(79159634d0df636438da8476eb4fb925) Importer(815301076,1909f56bfc062723c751e8b465ee728b)  -> (artifact id: 'e2bcb3e419f7b6d448bb3c423971b6e3') in 0.044507 seconds 
  Import took 0.066608 seconds .

========================================================================
Received Import Request.
  Time since last request: 4.026678 seconds.
  path: Packages/com.unity.inputsystem/InputSystem/Editor/Icons/Add Binding@2x.png
  artifactKey: Guid(bb5fa99d6e9434c9ebf101c956021ee1) Importer(815301076,1909f56bfc062723c751e8b465ee728b)
Start importing Packages/com.unity.inputsystem/InputSystem/Editor/Icons/Add Binding@2x.png using Guid(bb5fa99d6e9434c9ebf101c956021ee1) Importer(815301076,1909f56bfc062723c751e8b465ee728b)  -> (artifact id: 'd9812ce631299a3fc6fef50bdb7392f1') in 0.074941 seconds 
  Import took 0.093490 seconds .

========================================================================
Received Import Request.
  Time since last request: 0.000559 seconds.
  path: Packages/com.unity.collab-proxy/Editor/Collaborate/Assets/Styles/AlertBox.uss
  artifactKey: Guid(85516056fd2579c45b10c08bc3c52a08) Importer(815301076,1909f56bfc062723c751e8b465ee728b)
Start importing Packages/com.unity.collab-proxy/Editor/Collaborate/Assets/Styles/AlertBox.uss using Guid(85516056fd2579c45b10c08bc3c52a08) Importer(815301076,1909f56bfc062723c751e8b465ee728b)  -> (artifact id: '77ac07d37ae899628b8027a33ff602aa') in 0.047347 seconds 
  Import took 0.071071 seconds .

========================================================================
Received Import Request.
  Time since last request: 0.000620 seconds.
  path: Packages/com.unity.inputsystem/InputSystem/Editor/Icons/Add Binding@3x.png
  artifactKey: Guid(8be1fbf4b24de44c99840805bdae9e40) Importer(815301076,1909f56bfc062723c751e8b465ee728b)
Start importing Packages/com.unity.inputsystem/InputSystem/Editor/Icons/Add Binding@3x.png using Guid(8be1fbf4b24de44c99840805bdae9e40) Importer(815301076,1909f56bfc062723c751e8b465ee728b)  -> (artifact id: '02e166eaf82d3f7b22c2a4df1fbe7339') in 0.039765 seconds 
  Import took 0.058983 seconds .

========================================================================
Received Import Request.
  Time since last request: 0.000673 seconds.
  path: Packages/com.unity.inputsystem/InputSystem/Editor/Icons/Add Binding@4x.png
  artifactKey: Guid(862c5ca31844d4a6d9aa804af982ce65) Importer(815301076,1909f56bfc062723c751e8b465ee728b)
Start importing Packages/com.unity.inputsystem/InputSystem/Editor/Icons/Add Binding@4x.png using Guid(862c5ca31844d4a6d9aa804af982ce65) Importer(815301076,1909f56bfc062723c751e8b465ee728b)  -> (artifact id: '84cc0fb7a26ba2762def10d557c35a22') in 0.036809 seconds 
  Import took 0.057523 seconds .

========================================================================
Received Import Request.
  Time since last request: 0.000380 seconds.
  path: Packages/com.unity.postprocessing/PostProcessing/Shaders/Builtins/AutoExposure.compute
  artifactKey: Guid(34845e0ca016b7448842e965db5890a5) Importer(815301076,1909f56bfc062723c751e8b465ee728b)
Start importing Packages/com.unity.postprocessing/PostProcessing/Shaders/Builtins/AutoExposure.compute using Guid(34845e0ca016b7448842e965db5890a5) Importer(815301076,1909f56bfc062723c751e8b465ee728b)  -> (artifact id: 'c98828ead6b6724889aa803bd755c30a') in 0.021863 seconds 
  Import took 0.038134 seconds .

========================================================================
Received Import Request.
  Time since last request: 0.000734 seconds.
  path: Packages/com.unity.postprocessing/PostProcessing/Textures/SMAA/AreaTex.tga
  artifactKey: Guid(73ec4ae984a0a0f44a2be737e41a6f2f) Importer(815301076,1909f56bfc062723c751e8b465ee728b)
Start importing Packages/com.unity.postprocessing/PostProcessing/Textures/SMAA/AreaTex.tga using Guid(73ec4ae984a0a0f44a2be737e41a6f2f) Importer(815301076,1909f56bfc062723c751e8b465ee728b)  -> (artifact id: '7460a7650d528f0841805325b7fa83f6') in 0.041355 seconds 
  Import took 0.057303 seconds .

========================================================================
Received Import Request.
  Time since last request: 0.000545 seconds.
  path: Packages/com.unity.render-pipelines.core/Editor/LookDev/Icons/Add@2x.png
  artifactKey: Guid(79aba0b290c471c4ba3d3f818d4e9b15) Importer(815301076,1909f56bfc062723c751e8b465ee728b)
Start importing Packages/com.unity.render-pipelines.core/Editor/LookDev/Icons/Add@2x.png using Guid(79aba0b290c471c4ba3d3f818d4e9b15) Importer(815301076,1909f56bfc062723c751e8b465ee728b)  -> (artifact id: 'bb513acf4d23f3b0ef97822ed854eb66') in 0.068926 seconds 
  Import took 0.089218 seconds .

========================================================================
Received Import Request.
  Time since last request: 0.000580 seconds.
  path: Packages/com.unity.xr.management/Tests/StandaloneSubsystem/Unity.XR.Management.Tests.Standalone.asmdef
  artifactKey: Guid(575f7633d101095488b014272f40d6f7) Importer(815301076,1909f56bfc062723c751e8b465ee728b)
Start importing Packages/com.unity.xr.management/Tests/StandaloneSubsystem/Unity.XR.Management.Tests.Standalone.asmdef using Guid(575f7633d101095488b014272f40d6f7) Importer(815301076,1909f56bfc062723c751e8b465ee728b)  -> (artifact id: 'f8b43a942f487a317af435b1a0df5d15') in 0.025392 seconds 
  Import took 0.045292 seconds .

========================================================================
Received Import Request.
  Time since last request: 0.000741 seconds.
  path: Packages/com.unity.xr.interaction.toolkit/Runtime/Unity.XR.Interaction.Toolkit.asmdef
  artifactKey: Guid(fe685ec1767f73d42b749ea8045bfe43) Importer(815301076,1909f56bfc062723c751e8b465ee728b)
Start importing Packages/com.unity.xr.interaction.toolkit/Runtime/Unity.XR.Interaction.Toolkit.asmdef using Guid(fe685ec1767f73d42b749ea8045bfe43) Importer(815301076,1909f56bfc062723c751e8b465ee728b)  -> (artifact id: 'd61fa4f839e7f99d6ac1bf750569039f') in 0.019469 seconds 
  Import took 0.040343 seconds .

========================================================================
Received Import Request.
  Time since last request: 0.000649 seconds.
  path: Packages/com.unity.xr.management/Editor/Unity.XR.Management.Editor.asmdef
  artifactKey: Guid(f9fe0089ec81f4079af78eb2287a6163) Importer(815301076,1909f56bfc062723c751e8b465ee728b)
Start importing Packages/com.unity.xr.management/Editor/Unity.XR.Management.Editor.asmdef using Guid(f9fe0089ec81f4079af78eb2287a6163) Importer(815301076,1909f56bfc062723c751e8b465ee728b)  -> (artifact id: '4ad86fb5e3b2af554bfa3754d8e87dee') in 0.055847 seconds 
  Import took 0.078455 seconds .

========================================================================
Received Import Request.
  Time since last request: 0.000556 seconds.
  path: Packages/com.unity.shadergraph/Editor/Resources/Styles/HelpBoxRow.uss
  artifactKey: Guid(c0c3b27af341d91469183b16b7d6638b) Importer(815301076,1909f56bfc062723c751e8b465ee728b)
Start importing Packages/com.unity.shadergraph/Editor/Resources/Styles/HelpBoxRow.uss using Guid(c0c3b27af341d91469183b16b7d6638b) Importer(815301076,1909f56bfc062723c751e8b465ee728b)  -> (artifact id: 'ca3051b3735be3e288971a637b0e6812') in 0.031201 seconds 
  Import took 0.050970 seconds .

========================================================================
Received Import Request.
  Time since last request: 0.000614 seconds.
  path: Packages/com.unity.xr.interaction.toolkit/Editor/Unity.XR.Interaction.Toolkit.Editor.asmdef
  artifactKey: Guid(190979c3ed6e41c448f5e9925429edf9) Importer(815301076,1909f56bfc062723c751e8b465ee728b)
Start importing Packages/com.unity.xr.interaction.toolkit/Editor/Unity.XR.Interaction.Toolkit.Editor.asmdef using Guid(190979c3ed6e41c448f5e9925429edf9) Importer(815301076,1909f56bfc062723c751e8b465ee728b)  -> (artifact id: 'd2053a856921d53a9cbd6fa575009c20') in 0.015929 seconds 
  Import took 0.039547 seconds .

========================================================================
Received Import Request.
  Time since last request: 0.000647 seconds.
  path: Packages/com.unity.xr.management/Tests/TestTooling/Unity.XR.TestSupport.asmdef
  artifactKey: Guid(174dd372073128d46a2d10d2daaf414f) Importer(815301076,1909f56bfc062723c751e8b465ee728b)
Start importing Packages/com.unity.xr.management/Tests/TestTooling/Unity.XR.TestSupport.asmdef using Guid(174dd372073128d46a2d10d2daaf414f) Importer(815301076,1909f56bfc062723c751e8b465ee728b)  -> (artifact id: '637007c180390afa359f8b5c70a63c3b') in 0.016907 seconds 
  Import took 0.036727 seconds .

========================================================================
Received Import Request.
  Time since last request: 0.000433 seconds.
  path: Packages/com.unity.xr.oculus/Runtime/Unity.XR.Oculus.asmdef
  artifactKey: Guid(4af21795022437d4bb139a86514b9ff9) Importer(815301076,1909f56bfc062723c751e8b465ee728b)
Start importing Packages/com.unity.xr.oculus/Runtime/Unity.XR.Oculus.asmdef using Guid(4af21795022437d4bb139a86514b9ff9) Importer(815301076,1909f56bfc062723c751e8b465ee728b)  -> (artifact id: 'ae0ad0e898abd8caf44a9a0dc0573d3b') in 0.018226 seconds 
  Import took 0.035608 seconds .

========================================================================
Received Import Request.
  Time since last request: 0.000446 seconds.
  path: Packages/com.unity.xr.oculus/Editor/Unity.XR.Oculus.Editor.asmdef
  artifactKey: Guid(d1502596da9f12c4ead8bb8b8542bdc8) Importer(815301076,1909f56bfc062723c751e8b465ee728b)
Start importing Packages/com.unity.xr.oculus/Editor/Unity.XR.Oculus.Editor.asmdef using Guid(d1502596da9f12c4ead8bb8b8542bdc8) Importer(815301076,1909f56bfc062723c751e8b465ee728b)  -> (artifact id: 'f3253f0b513493a00b23a7ac0a430526') in 0.017700 seconds 
  Import took 0.041818 seconds .

========================================================================
Received Import Request.
  Time since last request: 0.000647 seconds.
  path: Packages/com.unity.xr.management/Tests/Editor/Unity.XR.Management.EditorTests.asmdef
  artifactKey: Guid(f46fc3751c3e84133af5527f7c1abae5) Importer(815301076,1909f56bfc062723c751e8b465ee728b)
Start importing Packages/com.unity.xr.management/Tests/Editor/Unity.XR.Management.EditorTests.asmdef using Guid(f46fc3751c3e84133af5527f7c1abae5) Importer(815301076,1909f56bfc062723c751e8b465ee728b)  -> (artifact id: 'd832207f123133b7a55b83a9eee05695') in 0.014826 seconds 
  Import took 0.028660 seconds .

========================================================================
Received Import Request.
  Time since last request: 0.000458 seconds.
  path: Packages/com.unity.xr.management/Tests/Runtime/Unity.XR.Management.Tests.asmdef
  artifactKey: Guid(0a731f4d44d04439bb291bdbaa8cb9fc) Importer(815301076,1909f56bfc062723c751e8b465ee728b)
Start importing Packages/com.unity.xr.management/Tests/Runtime/Unity.XR.Management.Tests.asmdef using Guid(0a731f4d44d04439bb291bdbaa8cb9fc) Importer(815301076,1909f56bfc062723c751e8b465ee728b)  -> (artifact id: 'f86e65cd9b716e084c7ad0f4c2934e3d') in 0.013432 seconds 
  Import took 0.032123 seconds .

========================================================================
Received Import Request.
  Time since last request: 0.000450 seconds.
  path: Packages/com.unity.xr.management/Tests/TestPackage/Runtime/Uniyt.XR.Management.TestPackage.asmdef
  artifactKey: Guid(9b8b61ec9cb92d1439beb03814dc2cb0) Importer(815301076,1909f56bfc062723c751e8b465ee728b)
Start importing Packages/com.unity.xr.management/Tests/TestPackage/Runtime/Uniyt.XR.Management.TestPackage.asmdef using Guid(9b8b61ec9cb92d1439beb03814dc2cb0) Importer(815301076,1909f56bfc062723c751e8b465ee728b)  -> (artifact id: '096527434fa603a07cab260a90cff549') in 0.015596 seconds 
  Import took 0.034817 seconds .

========================================================================
Received Import Request.
  Time since last request: 0.000546 seconds.
  path: Packages/com.unity.xr.management/Tests/TestPackage/Editor/Uniyt.XR.Management.TestPackage.Editor.asmdef
  artifactKey: Guid(c536cb714a8a9e84cb16ecf0330eea40) Importer(815301076,1909f56bfc062723c751e8b465ee728b)
Start importing Packages/com.unity.xr.management/Tests/TestPackage/Editor/Uniyt.XR.Management.TestPackage.Editor.asmdef using Guid(c536cb714a8a9e84cb16ecf0330eea40) Importer(815301076,1909f56bfc062723c751e8b465ee728b)  -> (artifact id: '281c3eb43aa6a35b07f8676b39ca9417') in 0.018629 seconds 
  Import took 0.037338 seconds .

========================================================================
Received Import Request.
  Time since last request: 0.000594 seconds.
  path: Packages/com.unity.xr.interaction.toolkit/Tests/Runtime/Unity.XR.Interaction.Toolkit.Tests.asmdef
  artifactKey: Guid(ea4a24547d7d3ef44b572674fb8e01a0) Importer(815301076,1909f56bfc062723c751e8b465ee728b)
Start importing Packages/com.unity.xr.interaction.toolkit/Tests/Runtime/Unity.XR.Interaction.Toolkit.Tests.asmdef using Guid(ea4a24547d7d3ef44b572674fb8e01a0) Importer(815301076,1909f56bfc062723c751e8b465ee728b)  -> (artifact id: 'ea16c64f23554a2afd195373406a6e2d') in 0.019882 seconds 
  Import took 0.039842 seconds .

========================================================================
Received Import Request.
  Time since last request: 0.000685 seconds.
  path: Packages/com.unity.collab-proxy/Editor/Collaborate/Assets/Icons/added-file-dark@2x.png
  artifactKey: Guid(c223e0c507e2c6549a2cb97441b62cbe) Importer(815301076,1909f56bfc062723c751e8b465ee728b)
Start importing Packages/com.unity.collab-proxy/Editor/Collaborate/Assets/Icons/added-file-dark@2x.png using Guid(c223e0c507e2c6549a2cb97441b62cbe) Importer(815301076,1909f56bfc062723c751e8b465ee728b)  -> (artifact id: 'a1cc909570186ea8573361d5e6cd2624') in 0.044797 seconds 
  Import took 0.068677 seconds .

========================================================================
Received Import Request.
  Time since last request: 0.000559 seconds.
  path: Packages/com.unity.xr.management/Runtime/Unity.XR.Management.asmdef
  artifactKey: Guid(e40ba710768534012815d3193fa296cb) Importer(815301076,1909f56bfc062723c751e8b465ee728b)
Start importing Packages/com.unity.xr.management/Runtime/Unity.XR.Management.asmdef using Guid(e40ba710768534012815d3193fa296cb) Importer(815301076,1909f56bfc062723c751e8b465ee728b)  -> (artifact id: 'd8745ce4872096facf97156afc9a7fa6') in 0.020606 seconds 
  Import took 0.042508 seconds .

========================================================================
Received Import Request.
  Time since last request: 0.000365 seconds.
  path: Packages/com.unity.collab-proxy/Editor/Collaborate/Assets/Icons/added-file-light@2x.png
  artifactKey: Guid(ec2e3aa6d0ab8ce4eac29b56d65d61d5) Importer(815301076,1909f56bfc062723c751e8b465ee728b)
Start importing Packages/com.unity.collab-proxy/Editor/Collaborate/Assets/Icons/added-file-light@2x.png using Guid(ec2e3aa6d0ab8ce4eac29b56d65d61d5) Importer(815301076,1909f56bfc062723c751e8b465ee728b)  -> (artifact id: '28e46ef2d40f7f76d556e3ecaa15dffd') in 0.038826 seconds 
  Import took 0.062977 seconds .

========================================================================
Received Import Request.
  Time since last request: 0.000487 seconds.
  path: Packages/com.unity.collab-proxy/Editor/Collaborate/Assets/Layouts/AlertBox.uxml
  artifactKey: Guid(13d7e179675caff4293e8d5c7fb1dda8) Importer(815301076,1909f56bfc062723c751e8b465ee728b)
Start importing Packages/com.unity.collab-proxy/Editor/Collaborate/Assets/Layouts/AlertBox.uxml using Guid(13d7e179675caff4293e8d5c7fb1dda8) Importer(815301076,1909f56bfc062723c751e8b465ee728b)  -> (artifact id: 'c109786752c7e31288fd814a1a4eb7e0') in 0.042255 seconds 
  Import took 0.102205 seconds .

========================================================================
Received Import Request.
  Time since last request: 0.000530 seconds.
  path: Packages/com.unity.render-pipelines.universal/Textures/SMAA/AreaTex.tga
  artifactKey: Guid(d1f1048909d55cd4fa1126ab998f617e) Importer(815301076,1909f56bfc062723c751e8b465ee728b)
Start importing Packages/com.unity.render-pipelines.universal/Textures/SMAA/AreaTex.tga using Guid(d1f1048909d55cd4fa1126ab998f617e) Importer(815301076,1909f56bfc062723c751e8b465ee728b)  -> (artifact id: 'f05bfb0ddcd51a2d40a8aed939bdd044') in 0.047941 seconds 
  Import took 0.075784 seconds .

========================================================================
Received Import Request.
  Time since last request: 51.980243 seconds.
  path: Packages/com.unity.collab-proxy/Editor/Collaborate/Assets/Icons/added-file-dark.png
  artifactKey: Guid(1a4f52b613391cd449af3ad2e44affeb) Importer(815301076,1909f56bfc062723c751e8b465ee728b)
Start importing Packages/com.unity.collab-proxy/Editor/Collaborate/Assets/Icons/added-file-dark.png using Guid(1a4f52b613391cd449af3ad2e44affeb) Importer(815301076,1909f56bfc062723c751e8b465ee728b)  -> (artifact id: '19c2ca97ec8f204fd42bac9e0cf01052') in 0.040741 seconds 
  Import took 0.062198 seconds .

========================================================================
Received Import Request.
  Time since last request: 0.000759 seconds.
  path: Packages/com.unity.collab-proxy/Editor/Collaborate/Assets/Icons/added-file-light.png
  artifactKey: Guid(397fff6c3885f8343bb65714f0064b5d) Importer(815301076,1909f56bfc062723c751e8b465ee728b)
Start importing Packages/com.unity.collab-proxy/Editor/Collaborate/Assets/Icons/added-file-light.png using Guid(397fff6c3885f8343bb65714f0064b5d) Importer(815301076,1909f56bfc062723c751e8b465ee728b)  -> (artifact id: 'c17829901df760df1f85311c3a80be05') in 0.041691 seconds 
  Import took 0.058651 seconds .

========================================================================
Received Import Request.
  Time since last request: 2.993150 seconds.
  path: Packages/com.unity.textmeshpro/Editor Resources/Textures/btn_AlignLeft.psd
  artifactKey: Guid(9288066c33474b94b6ee5465f4df1cc0) Importer(815301076,1909f56bfc062723c751e8b465ee728b)
Start importing Packages/com.unity.textmeshpro/Editor Resources/Textures/btn_AlignLeft.psd using Guid(9288066c33474b94b6ee5465f4df1cc0) Importer(815301076,1909f56bfc062723c751e8b465ee728b)  -> (artifact id: 'a8debd29b9bdbed2cd91d5d220a73941') in 0.033500 seconds 
  Import took 0.052118 seconds .

========================================================================
Received Import Request.
  Time since last request: 0.000436 seconds.
  path: Packages/com.unity.render-pipelines.core/Editor/LookDev/Icons/d_LeftArrow@2x.png
  artifactKey: Guid(90335e5423c010749a50f906b965fa54) Importer(815301076,1909f56bfc062723c751e8b465ee728b)
Start importing Packages/com.unity.render-pipelines.core/Editor/LookDev/Icons/d_LeftArrow@2x.png using Guid(90335e5423c010749a50f906b965fa54) Importer(815301076,1909f56bfc062723c751e8b465ee728b)  -> (artifact id: 'e86d715cd41ba23990411c79a7e22270') in 0.082844 seconds 
  Import took 0.101196 seconds .

========================================================================
Received Import Request.
  Time since last request: 0.000615 seconds.
  path: Packages/com.unity.render-pipelines.core/Editor/LookDev/Icons/LeftArrow@2x.png
  artifactKey: Guid(f0106cef986be534181a8582cffd29da) Importer(815301076,1909f56bfc062723c751e8b465ee728b)
Start importing Packages/com.unity.render-pipelines.core/Editor/LookDev/Icons/LeftArrow@2x.png using Guid(f0106cef986be534181a8582cffd29da) Importer(815301076,1909f56bfc062723c751e8b465ee728b)  -> (artifact id: 'efcce2785bc22710ed9e408b487d6e60') in 0.041472 seconds 
  Import took 0.060029 seconds .

========================================================================
Received Import Request.
  Time since last request: 0.000782 seconds.
  path: Packages/com.unity.render-pipelines.core/Editor/LookDev/Icons/d_LeftArrow.png
  artifactKey: Guid(84189b4c7caeef3419b6b031b8812685) Importer(815301076,1909f56bfc062723c751e8b465ee728b)
Start importing Packages/com.unity.render-pipelines.core/Editor/LookDev/Icons/d_LeftArrow.png using Guid(84189b4c7caeef3419b6b031b8812685) Importer(815301076,1909f56bfc062723c751e8b465ee728b)  -> (artifact id: '4a8e790d9f556c9ad1afe4683e1d004f') in 0.045355 seconds 
  Import took 0.064940 seconds .

========================================================================
Received Import Request.
  Time since last request: 0.000612 seconds.
  path: Packages/com.unity.textmeshpro/Editor Resources/Textures/btn_AlignLeft_Light.psd
  artifactKey: Guid(12736c98af174f91827a26b66d2b01b9) Importer(815301076,1909f56bfc062723c751e8b465ee728b)
Start importing Packages/com.unity.textmeshpro/Editor Resources/Textures/btn_AlignLeft_Light.psd using Guid(12736c98af174f91827a26b66d2b01b9) Importer(815301076,1909f56bfc062723c751e8b465ee728b)  -> (artifact id: '349a28f73177211dfb33fe98cb143407') in 0.035774 seconds 
  Import took 0.056094 seconds .

========================================================================
Received Import Request.
  Time since last request: 0.000866 seconds.
  path: Packages/com.unity.render-pipelines.universal/Editor/2D/Resources/LightCapBottomLeft.png
  artifactKey: Guid(fb7e2c1cde476854fb7067dcca74511a) Importer(815301076,1909f56bfc062723c751e8b465ee728b)
Start importing Packages/com.unity.render-pipelines.universal/Editor/2D/Resources/LightCapBottomLeft.png using Guid(fb7e2c1cde476854fb7067dcca74511a) Importer(815301076,1909f56bfc062723c751e8b465ee728b)  -> (artifact id: 'd0a1895a543fd8b3a63ad9bee8cd5e58') in 0.051072 seconds 
  Import took 0.071187 seconds .

========================================================================
Received Import Request.
  Time since last request: 0.000672 seconds.
  path: Packages/com.unity.render-pipelines.core/Editor/LookDev/Icons/LeftArrow.png
  artifactKey: Guid(aba72f93e9005054dba8cb368c0bf724) Importer(815301076,1909f56bfc062723c751e8b465ee728b)
Start importing Packages/com.unity.render-pipelines.core/Editor/LookDev/Icons/LeftArrow.png using Guid(aba72f93e9005054dba8cb368c0bf724) Importer(815301076,1909f56bfc062723c751e8b465ee728b)  -> (artifact id: 'd5201ec3d2e52b2e9466087ae6946010') in 0.052031 seconds 
  Import took 0.072741 seconds .

========================================================================
Received Import Request.
  Time since last request: 0.000673 seconds.
  path: Packages/com.unity.shadergraph/Editor/Resources/GraphView/Nodes/NodeChevronLeft@2x.png
  artifactKey: Guid(7e575e166832cb7478f6d674d896b778) Importer(815301076,1909f56bfc062723c751e8b465ee728b)
Start importing Packages/com.unity.shadergraph/Editor/Resources/GraphView/Nodes/NodeChevronLeft@2x.png using Guid(7e575e166832cb7478f6d674d896b778) Importer(815301076,1909f56bfc062723c751e8b465ee728b)  -> (artifact id: '9f62e2fa01effd2f00179601c572e172') in 0.042604 seconds 
  Import took 0.063285 seconds .

========================================================================
Received Import Request.
  Time since last request: 0.000512 seconds.
  path: Packages/com.unity.shadergraph/Editor/Resources/GraphView/Nodes/NodeChevronLeft.png
  artifactKey: Guid(fb2ebd29216e958449e2ce6f37fde61d) Importer(815301076,1909f56bfc062723c751e8b465ee728b)
Start importing Packages/com.unity.shadergraph/Editor/Resources/GraphView/Nodes/NodeChevronLeft.png using Guid(fb2ebd29216e958449e2ce6f37fde61d) Importer(815301076,1909f56bfc062723c751e8b465ee728b)  -> (artifact id: 'a53831cf59029fb9cf863e0dbbef3752') in 0.041446 seconds 
  Import took 0.060776 seconds .

========================================================================
Received Import Request.
  Time since last request: 0.001594 seconds.
  path: Packages/com.unity.render-pipelines.universal/Editor/2D/Resources/LightCapTopLeft.png
  artifactKey: Guid(f4f779c88fa8c514d970afbd68ff6b3f) Importer(815301076,1909f56bfc062723c751e8b465ee728b)
Start importing Packages/com.unity.render-pipelines.universal/Editor/2D/Resources/LightCapTopLeft.png using Guid(f4f779c88fa8c514d970afbd68ff6b3f) Importer(815301076,1909f56bfc062723c751e8b465ee728b)  -> (artifact id: 'b397e9c3f5c1f2682020ca5acb6bc743') in 0.037710 seconds 
  Import took 0.056498 seconds .

========================================================================
Received Import Request.
  Time since last request: 250.537894 seconds.
  path: Assets/Scenes/main.unity
  artifactKey: Guid(6bcc901e6cdcc5542874fed8ba8eaf18) Importer(815301076,1909f56bfc062723c751e8b465ee728b)
Start importing Assets/Scenes/main.unity using Guid(6bcc901e6cdcc5542874fed8ba8eaf18) Importer(815301076,1909f56bfc062723c751e8b465ee728b)  -> (artifact id: '75ad26740fd48f6561897df4cdb24ab4') in 0.019782 seconds 
  Import took 0.077626 seconds .

========================================================================
Received Prepare
Registering precompiled user dll's ...
Registered in 0.054768 seconds.
Begin MonoManager ReloadAssembly
Native extension for WindowsStandalone target not found
Refreshing native plugins compatible for Editor in 3.35 ms, found 7 plugins.
Preloading 1 native plugins for Editor in 0.36 ms.
Mono: successfully reloaded assembly
- Completed reload, in  4.360 seconds
Domain Reload Profiling:
	ReloadAssembly (4362ms)
		BeginReloadAssembly (529ms)
			ExecutionOrderSort (0ms)
			DisableScriptedObjects (35ms)
			BackupInstance (0ms)
			ReleaseScriptingObjects (0ms)
			CreateAndSetChildDomain (148ms)
		EndReloadAssembly (3616ms)
			LoadAssemblies (557ms)
			RebuildTransferFunctionScriptingTraits (0ms)
			SetupTypeCache (1149ms)
			ReleaseScriptCaches (4ms)
			RebuildScriptCaches (145ms)
			SetupLoadedEditorAssemblies (1327ms)
				LogAssemblyErrors (0ms)
				InitializePlatformSupportModulesInManaged (15ms)
				SetLoadedEditorAssemblies (2ms)
				RefreshPlugins (4ms)
				BeforeProcessingInitializeOnLoad (369ms)
				ProcessInitializeOnLoadAttributes (880ms)
				ProcessInitializeOnLoadMethodAttributes (26ms)
				AfterProcessingInitializeOnLoad (29ms)
				EditorAssembliesLoaded (1ms)
			ExecutionOrderSort2 (0ms)
			AwakeInstancesAfterBackupRestoration (61ms)
Platform modules already initialized, skipping
Shader 'Oculus/OVRMRCameraFrameLit': fallback shader 'Alpha-Diffuse' not found
Refreshing native plugins compatible for Editor in 2.69 ms, found 7 plugins.
Preloading 1 native plugins for Editor in 0.36 ms.
Unloading 3788 Unused Serialized files (Serialized files now loaded: 0)
System memory in use before: 174.1 MB.
System memory in use after: 173.5 MB.

Unloading 52 unused Assets to reduce memory usage. Loaded Objects now: 4574.
Total: 13.626800 ms (FindLiveObjects: 0.966300 ms CreateObjectMapping: 0.683900 ms MarkObjects: 10.462600 ms  DeleteObjects: 1.510300 ms)

AssetImportParameters requested are different than current active one (requested -> active):
  custom:framework-win-MediaFoundation: 216162199b28c13a410421893ffa2e32 -> 
  custom:video-decoder-ogg-theora: a1e56fd34408186e4bbccfd4996cb3dc -> 
  custom:container-muxer-webm: aa71ff27fc2769a1b78a27578f13a17b -> 
  custom:container-demuxer-webm: 4f35f7cbe854078d1ac9338744f61a02 -> 
  custom:container-demuxer-ogg: 62fdf1f143b41e24485cea50d1cbac27 -> 
  custom:video-encoder-webm-vp8: eb34c28f22e8b96e1ab97ce403110664 -> 
  custom:video-codec-MediaFoundation-h265: 746d11721c4dcdbdad8f713fa42b33f4 -> 
  custom:video-decoder-webm-vp8: 9c59270c3fd7afecdb556c50c9e8de78 -> 
  custom:audio-decoder-ogg-vorbis: bf7c407c2cedff20999df2af8eb42d56 -> 
  custom:audio-encoder-webm-vorbis: bf7c407c2cedff20999df2af8eb42d56 -> 
========================================================================
Received Import Request.
  Time since last request: 351.867293 seconds.
  path: Assets/Samples/XR Interaction Toolkit/1.0.0-pre.6/XR Device Simulator/XR Device Simulator Controls.inputactions
  artifactKey: Guid(da2b439d1a2de5c46a4f428f8cf4fe19) Importer(815301076,1909f56bfc062723c751e8b465ee728b)
Start importing Assets/Samples/XR Interaction Toolkit/1.0.0-pre.6/XR Device Simulator/XR Device Simulator Controls.inputactions using Guid(da2b439d1a2de5c46a4f428f8cf4fe19) Importer(815301076,1909f56bfc062723c751e8b465ee728b)  -> (artifact id: 'ad612ddfa88cbd16e5cf5b5793019cfd') in 0.107485 seconds 
  Import took 0.167391 seconds .

AssetImportWorkerClient::OnTransportError - code=2 error=End of file
